mode: atomic
github.com/hackisonjd/http-server/pkg/http/server.go:24.43,30.2 1 1
github.com/hackisonjd/http-server/pkg/http/server.go:32.41,41.16 5 1
github.com/hackisonjd/http-server/pkg/http/server.go:41.16,44.3 2 0
github.com/hackisonjd/http-server/pkg/http/server.go:45.2,51.6 3 1
github.com/hackisonjd/http-server/pkg/http/server.go:51.6,53.17 2 2
github.com/hackisonjd/http-server/pkg/http/server.go:53.17,55.4 1 1
github.com/hackisonjd/http-server/pkg/http/server.go:57.3,57.30 1 1
github.com/hackisonjd/http-server/pkg/http/server.go:61.44,67.23 4 1
github.com/hackisonjd/http-server/pkg/http/server.go:67.23,69.3 1 0
github.com/hackisonjd/http-server/pkg/http/server.go:71.2,71.40 1 1
github.com/hackisonjd/http-server/pkg/http/server.go:74.35,78.23 3 1
github.com/hackisonjd/http-server/pkg/http/server.go:78.23,80.3 1 1
github.com/hackisonjd/http-server/pkg/http/server.go:81.2,81.12 1 0
github.com/hackisonjd/http-server/pkg/http/server.go:84.50,85.15 1 1
github.com/hackisonjd/http-server/pkg/http/server.go:85.15,86.38 1 1
github.com/hackisonjd/http-server/pkg/http/server.go:86.38,88.4 1 0
github.com/hackisonjd/http-server/pkg/http/server.go:91.2,93.16 3 1
github.com/hackisonjd/http-server/pkg/http/server.go:93.16,95.3 1 0
github.com/hackisonjd/http-server/pkg/http/server.go:100.2,103.56 2 1
github.com/hackisonjd/http-server/pkg/http/server.go:103.56,106.3 2 0
